<?xml version="1.0" encoding="UTF-8"?>
<Site BuildName="Linux-clang++"
	BuildStamp="20250622-2255-Experimental"
	Name="AliLaptopDell"
	Generator="ctest-3.22.1"
	CompilerName="/usr/bin/clang++"
	CompilerVersion="14.0.0"
	OSName="Linux"
	Hostname="AliLaptopDell"
	OSRelease="6.8.0-60-generic"
	OSVersion="#63~22.04.1-Ubuntu SMP PREEMPT_DYNAMIC Tue Apr 22 19:00:15 UTC 2"
	OSPlatform="x86_64"
	Is64Bits="1"
	VendorString="GenuineIntel"
	VendorID="Intel Corporation"
	FamilyID="6"
	ModelID="154"
	ProcessorCacheSize="24576"
	NumberOfLogicalCPU="20"
	NumberOfPhysicalCPU="14"
	TotalVirtualMemory="2047"
	TotalPhysicalMemory="31779"
	LogicalProcessorsPerPhysical="1"
	ProcessorClockFrequency="2669.4"
	>
	<Testing>
		<StartDateTime>Jun 22 15:55 PDT</StartDateTime>
		<StartTestTime>1750632959</StartTestTime>
		<TestList/>
		<EndDateTime>Jun 22 15:55 PDT</EndDateTime>
		<EndTestTime>1750632959</EndTestTime>
		<ElapsedMinutes>0</ElapsedMinutes>
	</Testing>
</Site>
